2021-12-03 15:55:55 - WARNING - Python-dotenv could not parse statement starting at line 19
2021-12-03 15:55:55 - WARNING - Python-dotenv could not parse statement starting at line 21
2021-12-03 15:55:55 - WARNING - Python-dotenv could not parse statement starting at line 22
2021-12-03 15:55:55 - WARNING - Python-dotenv could not parse statement starting at line 23
2021-12-03 15:55:55 - WARNING - Python-dotenv could not parse statement starting at line 24
2021-12-03 15:55:55 - WARNING - Python-dotenv could not parse statement starting at line 25
2021-12-03 15:55:55 - WARNING - Python-dotenv could not parse statement starting at line 26
2021-12-03 16:05:39 - WARNING - Python-dotenv could not parse statement starting at line 19
2021-12-03 16:05:39 - WARNING - Python-dotenv could not parse statement starting at line 21
2021-12-03 16:05:39 - WARNING - Python-dotenv could not parse statement starting at line 22
2021-12-03 16:05:39 - WARNING - Python-dotenv could not parse statement starting at line 23
2021-12-03 16:05:39 - WARNING - Python-dotenv could not parse statement starting at line 24
2021-12-03 16:05:39 - WARNING - Python-dotenv could not parse statement starting at line 25
2021-12-03 16:05:39 - WARNING - Python-dotenv could not parse statement starting at line 26
2021-12-03 16:33:45 - WARNING - "GET /todos HTTP/1.1" 404 1536
2021-12-03 16:33:45 - WARNING - "GET /todos/1 HTTP/1.1" 404 1536
2021-12-03 16:35:46 - WARNING - Python-dotenv could not parse statement starting at line 19
2021-12-03 16:35:46 - WARNING - Python-dotenv could not parse statement starting at line 21
2021-12-03 16:35:46 - WARNING - Python-dotenv could not parse statement starting at line 22
2021-12-03 16:35:46 - WARNING - Python-dotenv could not parse statement starting at line 23
2021-12-03 16:35:46 - WARNING - Python-dotenv could not parse statement starting at line 24
2021-12-03 16:35:46 - WARNING - Python-dotenv could not parse statement starting at line 25
2021-12-03 16:35:46 - WARNING - Python-dotenv could not parse statement starting at line 26
2021-12-03 16:35:46 - INFO - "GET /todos/1 HTTP/1.1" 200 147
2021-12-03 16:35:46 - INFO - "GET /todos/2 HTTP/1.1" 200 139
2021-12-03 16:35:46 - INFO - "GET /todos/3 HTTP/1.1" 200 141
2021-12-03 16:44:57 - WARNING - Python-dotenv could not parse statement starting at line 19
2021-12-03 16:44:57 - WARNING - Python-dotenv could not parse statement starting at line 21
2021-12-03 16:44:57 - WARNING - Python-dotenv could not parse statement starting at line 22
2021-12-03 16:44:57 - WARNING - Python-dotenv could not parse statement starting at line 23
2021-12-03 16:44:57 - WARNING - Python-dotenv could not parse statement starting at line 24
2021-12-03 16:44:57 - WARNING - Python-dotenv could not parse statement starting at line 25
2021-12-03 16:44:57 - WARNING - Python-dotenv could not parse statement starting at line 26
2021-12-03 16:44:57 - INFO - "POST /todos HTTP/1.1" 200 134
2021-12-03 16:44:57 - INFO - "GET /todos HTTP/1.1" 200 569
2021-12-03 16:44:57 - INFO - "GET /todos HTTP/1.1" 200 569
2021-12-03 16:49:12 - WARNING - Python-dotenv could not parse statement starting at line 19
2021-12-03 16:49:12 - WARNING - Python-dotenv could not parse statement starting at line 21
2021-12-03 16:49:12 - WARNING - Python-dotenv could not parse statement starting at line 22
2021-12-03 16:49:12 - WARNING - Python-dotenv could not parse statement starting at line 23
2021-12-03 16:49:12 - WARNING - Python-dotenv could not parse statement starting at line 24
2021-12-03 16:49:12 - WARNING - Python-dotenv could not parse statement starting at line 25
2021-12-03 16:49:12 - WARNING - Python-dotenv could not parse statement starting at line 26
2021-12-03 16:49:12 - INFO - "PUT /todos/3 HTTP/1.1" 200 2
2021-12-03 16:49:12 - INFO - "GET /todos/3 HTTP/1.1" 200 141
2021-12-03 16:49:12 - INFO - "GET /todos/3 HTTP/1.1" 200 141
2021-12-03 16:49:12 - INFO - "GET /todos/3 HTTP/1.1" 200 141
2021-12-03 16:50:54 - WARNING - Python-dotenv could not parse statement starting at line 19
2021-12-03 16:50:54 - WARNING - Python-dotenv could not parse statement starting at line 21
2021-12-03 16:50:54 - WARNING - Python-dotenv could not parse statement starting at line 22
2021-12-03 16:50:54 - WARNING - Python-dotenv could not parse statement starting at line 23
2021-12-03 16:50:54 - WARNING - Python-dotenv could not parse statement starting at line 24
2021-12-03 16:50:54 - WARNING - Python-dotenv could not parse statement starting at line 25
2021-12-03 16:50:54 - WARNING - Python-dotenv could not parse statement starting at line 26
2021-12-03 16:50:54 - INFO - "GET /todos/3 HTTP/1.1" 200 141
2021-12-03 16:53:43 - WARNING - Python-dotenv could not parse statement starting at line 19
2021-12-03 16:53:43 - WARNING - Python-dotenv could not parse statement starting at line 21
2021-12-03 16:53:43 - WARNING - Python-dotenv could not parse statement starting at line 22
2021-12-03 16:53:43 - WARNING - Python-dotenv could not parse statement starting at line 23
2021-12-03 16:53:43 - WARNING - Python-dotenv could not parse statement starting at line 24
2021-12-03 16:53:43 - WARNING - Python-dotenv could not parse statement starting at line 25
2021-12-03 16:53:43 - WARNING - Python-dotenv could not parse statement starting at line 26
2021-12-03 16:53:43 - INFO - "PUT /todos/3 HTTP/1.1" 200 145
2021-12-03 16:53:43 - INFO - "GET /todos/3 HTTP/1.1" 200 143
2021-12-03 16:54:45 - WARNING - Python-dotenv could not parse statement starting at line 19
2021-12-03 16:54:45 - WARNING - Python-dotenv could not parse statement starting at line 21
2021-12-03 16:54:45 - WARNING - Python-dotenv could not parse statement starting at line 22
2021-12-03 16:54:45 - WARNING - Python-dotenv could not parse statement starting at line 23
2021-12-03 16:54:45 - WARNING - Python-dotenv could not parse statement starting at line 24
2021-12-03 16:54:45 - WARNING - Python-dotenv could not parse statement starting at line 25
2021-12-03 16:54:45 - WARNING - Python-dotenv could not parse statement starting at line 26
2021-12-03 16:54:45 - INFO - "DELETE /todos/3 HTTP/1.1" 200 145
2021-12-03 16:54:45 - INFO - "GET /todos HTTP/1.1" 200 426
